[debug] [2020-08-14T19:57:49.146Z] ----------------------------------------------------------------------
[debug] [2020-08-14T19:57:49.148Z] Command:       C:\Program Files\nodejs\node.exe C:\Users\Mark\AppData\Roaming\npm\node_modules\firebase-tools\lib\bin\firebase.js emulators:start --only functions
[debug] [2020-08-14T19:57:49.148Z] CLI Version:   7.6.2
[debug] [2020-08-14T19:57:49.148Z] Platform:      win32
[debug] [2020-08-14T19:57:49.148Z] Node Version:  v12.18.3
[debug] [2020-08-14T19:57:49.149Z] Time:          Fri Aug 14 2020 15:57:49 GMT-0400 (Eastern Daylight Time)
[debug] [2020-08-14T19:57:49.149Z] ----------------------------------------------------------------------
[debug] [2020-08-14T19:57:49.149Z] 
[info] i  Starting emulators: ["functions"]
[warn] !  Your requested "node" version "10" doesn't match your global version "12"
[info] +  functions: Emulator started at http://localhost:5001
[info] i  functions: Watching "C:\Users\Mark\Documents\IdeaCrew\active-branch-tracker\functions" for Cloud Functions...
[debug] [2020-08-14T19:57:51.723Z] [worker-~diagnostic~-c6db835b-b737-46f1-a81e-8a60ebaed343]: BUSY
[debug] [2020-08-14T19:57:52.064Z] [runtime-status] Functions runtime initialized. {"cwd":"C:\\Users\\Mark\\Documents\\IdeaCrew\\active-branch-tracker\\functions","node_version":"12.18.3"}
[debug] [2020-08-14T19:57:52.065Z] [runtime-status] Disabled runtime features: undefined {}
[debug] [2020-08-14T19:57:52.069Z] [runtime-status] Resolved module firebase-admin {"declared":true,"installed":true,"version":"9.1.0","resolution":"C:\\Users\\Mark\\Documents\\IdeaCrew\\active-branch-tracker\\functions\\node_modules\\firebase-admin\\lib\\index.js"}
[debug] [2020-08-14T19:57:52.071Z] [runtime-status] Resolved module firebase-functions {"declared":true,"installed":true,"version":"3.9.1","resolution":"C:\\Users\\Mark\\Documents\\IdeaCrew\\active-branch-tracker\\functions\\node_modules\\firebase-functions\\lib\\index.js"}
[debug] [2020-08-14T19:57:52.380Z] [runtime-status] Found google-gax at C:\Users\Mark\Documents\IdeaCrew\active-branch-tracker\functions\node_modules\google-gax\build\src\index.js {}
[warn] !  functions:
[warn] !  Your function was killed because it raised an unhandled error.
[debug] [2020-08-14T19:57:52.393Z] [worker-~diagnostic~-c6db835b-b737-46f1-a81e-8a60ebaed343]: exited
[debug] [2020-08-14T19:57:52.394Z] [worker-~diagnostic~-c6db835b-b737-46f1-a81e-8a60ebaed343]: FINISHED
