[debug] [2020-09-13T21:14:21.670Z] ----------------------------------------------------------------------
[debug] [2020-09-13T21:14:21.672Z] Command:       C:\Program Files\nodejs\node.exe C:\Users\Mark\Documents\IdeaCrew\active-branch-tracker\node_modules\firebase-tools\lib\bin\firebase.js emulators:start
[debug] [2020-09-13T21:14:21.673Z] CLI Version:   8.10.0
[debug] [2020-09-13T21:14:21.673Z] Platform:      win32
[debug] [2020-09-13T21:14:21.673Z] Node Version:  v12.18.3
[debug] [2020-09-13T21:14:21.674Z] Time:          Sun Sep 13 2020 17:14:21 GMT-0400 (Eastern Daylight Time)
[debug] [2020-09-13T21:14:21.674Z] ----------------------------------------------------------------------
[debug] [2020-09-13T21:14:21.674Z] 
[debug] [2020-09-13T21:14:21.683Z] > command requires scopes: ["email","openid","https://www.googleapis.com/auth/cloudplatformprojects.readonly","https://www.googleapis.com/auth/firebase","https://www.googleapis.com/auth/cloud-platform"]
[debug] [2020-09-13T21:14:21.684Z] > authorizing via signed-in user
[info] i  emulators: Starting emulators: functions, firestore, hosting {"metadata":{"emulator":{"name":"hub"},"message":"Starting emulators: functions, firestore, hosting"}}
[debug] [2020-09-13T21:14:23.736Z] [hub] writing locator at C:\Users\Mark\AppData\Local\Temp\hub-active-branches-report.json
[warn] !  functions: The following emulators are not running, calls to these services from the Functions emulator will affect production: database, pubsub {"metadata":{"emulator":{"name":"functions"},"message":"The following emulators are not running, calls to these services from the Functions emulator will affect production: \u001b[1mdatabase, pubsub\u001b[22m"}}
[warn] !  Your requested "node" version "10" doesn't match your global version "12" {"metadata":{"emulator":{"name":"functions"},"message":"Your requested \"node\" version \"10\" doesn't match your global version \"12\""}}
[debug] [2020-09-13T21:14:25.811Z] defaultcredentials: writing to file C:\Users\Mark\AppData\Roaming\firebase\mark_goho_ideacrew.com_application_default_credentials.json
[debug] [2020-09-13T21:14:25.814Z] Setting GAC to C:\Users\Mark\AppData\Roaming\firebase\mark_goho_ideacrew.com_application_default_credentials.json {"metadata":{"emulator":{"name":"functions"},"message":"Setting GAC to C:\\Users\\Mark\\AppData\\Roaming\\firebase\\mark_goho_ideacrew.com_application_default_credentials.json"}}
[debug] [2020-09-13T21:14:27.854Z] Ignoring unsupported arg: projectId {"metadata":{"emulator":{"name":"firestore"},"message":"Ignoring unsupported arg: projectId"}}
[debug] [2020-09-13T21:14:27.854Z] Ignoring unsupported arg: auto_download {"metadata":{"emulator":{"name":"firestore"},"message":"Ignoring unsupported arg: auto_download"}}
[debug] [2020-09-13T21:14:27.854Z] Starting Firestore Emulator with command {"binary":"java","args":["-Duser.language=en","-jar","C:\\Users\\Mark\\.cache\\firebase\\emulators\\cloud-firestore-emulator-v1.11.7.jar","--host","localhost","--port",8080,"--rules","C:\\Users\\Mark\\Documents\\IdeaCrew\\active-branch-tracker\\firestore.rules","--functions_emulator","localhost:5001"],"optionalArgs":["port","webchannel_port","host","rules","functions_emulator","seed_from_export"],"joinArgs":false} {"metadata":{"emulator":{"name":"firestore"},"message":"Starting Firestore Emulator with command {\"binary\":\"java\",\"args\":[\"-Duser.language=en\",\"-jar\",\"C:\\\\Users\\\\Mark\\\\.cache\\\\firebase\\\\emulators\\\\cloud-firestore-emulator-v1.11.7.jar\",\"--host\",\"localhost\",\"--port\",8080,\"--rules\",\"C:\\\\Users\\\\Mark\\\\Documents\\\\IdeaCrew\\\\active-branch-tracker\\\\firestore.rules\",\"--functions_emulator\",\"localhost:5001\"],\"optionalArgs\":[\"port\",\"webchannel_port\",\"host\",\"rules\",\"functions_emulator\",\"seed_from_export\"],\"joinArgs\":false}"}}
[info] i  firestore: Firestore Emulator logging to firestore-debug.log {"metadata":{"emulator":{"name":"firestore"},"message":"Firestore Emulator logging to \u001b[1mfirestore-debug.log\u001b[22m"}}
[debug] [2020-09-13T21:14:29.629Z] API endpoint: http://localhost:8080 {"metadata":{"emulator":{"name":"firestore"},"message":"API endpoint: http://localhost:8080"}}
[debug] [2020-09-13T21:14:29.629Z] 
If you are using a library that supports the FIRESTORE_EMULATOR_HOST environment variable, run:

   export FIRESTORE_EMULATOR_HOST=localhost:8080

Dev App Server is now running.

 {"metadata":{"emulator":{"name":"firestore"},"message":"\nIf you are using a library that supports the FIRESTORE_EMULATOR_HOST environment variable, run:\r\n\n   export FIRESTORE_EMULATOR_HOST=localhost:8080\n\nDev App Server is now running.\n\r\n"}}
[debug] [2020-09-13T21:14:31.929Z] >>> HTTP REQUEST GET https://firebase.googleapis.com/v1beta1/projects/active-branches-report/webApps/-/config  
 
[debug] [2020-09-13T21:14:32.752Z] <<< HTTP RESPONSE 200 {"content-type":"application/json; charset=UTF-8","vary":"X-Origin, Referer, Origin,Accept-Encoding","date":"Sun, 13 Sep 2020 21:14:33 GMT","server":"ESF","cache-control":"private","x-xss-protection":"0","x-frame-options":"SAMEORIGIN","x-content-type-options":"nosniff","alt-svc":"h3-29=\":443\"; ma=2592000,h3-27=\":443\"; ma=2592000,h3-T051=\":443\"; ma=2592000,h3-T050=\":443\"; ma=2592000,h3-Q050=\":443\"; ma=2592000,h3-Q046=\":443\"; ma=2592000,h3-Q043=\":443\"; ma=2592000,quic=\":443\"; ma=2592000; v=\"46,43\"","accept-ranges":"none","transfer-encoding":"chunked"}
[info] i  hosting: Serving hosting files from: dist/apps/dashboard {"metadata":{"emulator":{"name":"hosting"},"message":"Serving hosting files from: \u001b[1mdist/apps/dashboard\u001b[22m"}}
[info] +  hosting: Local server: http://localhost:5000 {"metadata":{"emulator":{"name":"hosting"},"message":"Local server: \u001b[4m\u001b[1mhttp://localhost:5000\u001b[22m\u001b[24m"}}
[debug] [2020-09-13T21:14:36.845Z] Ignoring unsupported arg: auto_download {"metadata":{"emulator":{"name":"ui"},"message":"Ignoring unsupported arg: auto_download"}}
[debug] [2020-09-13T21:14:36.845Z] Ignoring unsupported arg: port {"metadata":{"emulator":{"name":"ui"},"message":"Ignoring unsupported arg: port"}}
[debug] [2020-09-13T21:14:36.846Z] Starting Emulator UI with command {"binary":"node","args":["C:\\Users\\Mark\\.cache\\firebase\\emulators\\ui-v1.1.1\\server.bundle.js"],"optionalArgs":[],"joinArgs":false} {"metadata":{"emulator":{"name":"ui"},"message":"Starting Emulator UI with command {\"binary\":\"node\",\"args\":[\"C:\\\\Users\\\\Mark\\\\.cache\\\\firebase\\\\emulators\\\\ui-v1.1.1\\\\server.bundle.js\"],\"optionalArgs\":[],\"joinArgs\":false}"}}
[info] i  ui: Emulator UI logging to ui-debug.log {"metadata":{"emulator":{"name":"ui"},"message":"Emulator UI logging to \u001b[1mui-debug.log\u001b[22m"}}
[debug] [2020-09-13T21:14:37.020Z] Web / API server started at http://localhost:4000
 {"metadata":{"emulator":{"name":"ui"},"message":"Web / API server started at http://localhost:4000\n"}}
[info] i  functions: Watching "C:\Users\Mark\Documents\IdeaCrew\active-branch-tracker\functions" for Cloud Functions... {"metadata":{"emulator":{"name":"functions"},"message":"Watching \"C:\\Users\\Mark\\Documents\\IdeaCrew\\active-branch-tracker\\functions\" for Cloud Functions..."}}
[debug] [2020-09-13T21:14:37.380Z] [worker-pool] addWorker(~diagnostic~) {"metadata":{"emulator":{"name":"functions"},"message":"[worker-pool] addWorker(~diagnostic~)"}}
[debug] [2020-09-13T21:14:37.380Z] [worker-pool] Adding worker with key ~diagnostic~, total=1 {"metadata":{"emulator":{"name":"functions"},"message":"[worker-pool] Adding worker with key ~diagnostic~, total=1"}}
[debug] [2020-09-13T21:14:37.380Z] [worker-pool] submitWork(triggerId=) {"metadata":{"emulator":{"name":"functions"},"message":"[worker-pool] submitWork(triggerId=)"}}
[debug] [2020-09-13T21:14:37.381Z] [worker-~diagnostic~-7fb588e5-5879-4edc-b86f-4f25e86c2268]: Assigning socketPath: \\?\pipe\C:\Users\Mark\Documents\IdeaCrew\active-branch-tracker\functions\15932 {"metadata":{"emulator":{"name":"functions"},"message":"[worker-~diagnostic~-7fb588e5-5879-4edc-b86f-4f25e86c2268]: Assigning socketPath: \\\\?\\pipe\\C:\\Users\\Mark\\Documents\\IdeaCrew\\active-branch-tracker\\functions\\15932"}}
[debug] [2020-09-13T21:14:37.381Z] [worker-~diagnostic~-7fb588e5-5879-4edc-b86f-4f25e86c2268]: BUSY {"metadata":{"emulator":{"name":"functions"},"message":"[worker-~diagnostic~-7fb588e5-5879-4edc-b86f-4f25e86c2268]: BUSY"}}
[debug] [2020-09-13T21:14:38.387Z] [runtime-status] [15932] Functions runtime initialized. {"cwd":"C:\\Users\\Mark\\Documents\\IdeaCrew\\active-branch-tracker\\functions","node_version":"12.18.3"} {"metadata":{"emulator":{"name":"functions"},"message":"[runtime-status] [15932] Functions runtime initialized. {\"cwd\":\"C:\\\\Users\\\\Mark\\\\Documents\\\\IdeaCrew\\\\active-branch-tracker\\\\functions\",\"node_version\":\"12.18.3\"}"}}
[debug] [2020-09-13T21:14:38.395Z] [runtime-status] [15932] Disabled runtime features: undefined {"metadata":{"emulator":{"name":"functions"},"message":"[runtime-status] [15932] Disabled runtime features: undefined"}}
[debug] [2020-09-13T21:14:38.401Z] [runtime-status] [15932] Resolved module firebase-admin {"declared":true,"installed":true,"version":"9.1.1","resolution":"C:\\Users\\Mark\\Documents\\IdeaCrew\\active-branch-tracker\\functions\\node_modules\\firebase-admin\\lib\\index.js"} {"metadata":{"emulator":{"name":"functions"},"message":"[runtime-status] [15932] Resolved module firebase-admin {\"declared\":true,\"installed\":true,\"version\":\"9.1.1\",\"resolution\":\"C:\\\\Users\\\\Mark\\\\Documents\\\\IdeaCrew\\\\active-branch-tracker\\\\functions\\\\node_modules\\\\firebase-admin\\\\lib\\\\index.js\"}"}}
[debug] [2020-09-13T21:14:38.413Z] [runtime-status] [15932] Resolved module firebase-functions {"declared":true,"installed":true,"version":"3.11.0","resolution":"C:\\Users\\Mark\\Documents\\IdeaCrew\\active-branch-tracker\\functions\\node_modules\\firebase-functions\\lib\\index.js"} {"metadata":{"emulator":{"name":"functions"},"message":"[runtime-status] [15932] Resolved module firebase-functions {\"declared\":true,\"installed\":true,\"version\":\"3.11.0\",\"resolution\":\"C:\\\\Users\\\\Mark\\\\Documents\\\\IdeaCrew\\\\active-branch-tracker\\\\functions\\\\node_modules\\\\firebase-functions\\\\lib\\\\index.js\"}"}}
[debug] [2020-09-13T21:14:38.414Z] [runtime-status] [15932] Resolved module firebase-functions {"declared":true,"installed":true,"version":"3.11.0","resolution":"C:\\Users\\Mark\\Documents\\IdeaCrew\\active-branch-tracker\\functions\\node_modules\\firebase-functions\\lib\\index.js"} {"metadata":{"emulator":{"name":"functions"},"message":"[runtime-status] [15932] Resolved module firebase-functions {\"declared\":true,\"installed\":true,\"version\":\"3.11.0\",\"resolution\":\"C:\\\\Users\\\\Mark\\\\Documents\\\\IdeaCrew\\\\active-branch-tracker\\\\functions\\\\node_modules\\\\firebase-functions\\\\lib\\\\index.js\"}"}}
[debug] [2020-09-13T21:14:38.417Z] [runtime-status] [15932] Outgoing network have been stubbed. [{"name":"http","status":"mocked"},{"name":"http","status":"mocked"},{"name":"https","status":"mocked"},{"name":"https","status":"mocked"},{"name":"net","status":"mocked"}] {"metadata":{"emulator":{"name":"functions"},"message":"[runtime-status] [15932] Outgoing network have been stubbed. [{\"name\":\"http\",\"status\":\"mocked\"},{\"name\":\"http\",\"status\":\"mocked\"},{\"name\":\"https\",\"status\":\"mocked\"},{\"name\":\"https\",\"status\":\"mocked\"},{\"name\":\"net\",\"status\":\"mocked\"}]"}}
[debug] [2020-09-13T21:14:38.418Z] [runtime-status] [15932] Resolved module firebase-functions {"declared":true,"installed":true,"version":"3.11.0","resolution":"C:\\Users\\Mark\\Documents\\IdeaCrew\\active-branch-tracker\\functions\\node_modules\\firebase-functions\\lib\\index.js"} {"metadata":{"emulator":{"name":"functions"},"message":"[runtime-status] [15932] Resolved module firebase-functions {\"declared\":true,\"installed\":true,\"version\":\"3.11.0\",\"resolution\":\"C:\\\\Users\\\\Mark\\\\Documents\\\\IdeaCrew\\\\active-branch-tracker\\\\functions\\\\node_modules\\\\firebase-functions\\\\lib\\\\index.js\"}"}}
[debug] [2020-09-13T21:14:38.521Z] [runtime-status] [15932] Checked functions.config() {"config":{}} {"metadata":{"emulator":{"name":"functions"},"message":"[runtime-status] [15932] Checked functions.config() {\"config\":{}}"}}
[debug] [2020-09-13T21:14:38.521Z] [runtime-status] [15932] firebase-functions has been stubbed. {"functionsResolution":{"declared":true,"installed":true,"version":"3.11.0","resolution":"C:\\Users\\Mark\\Documents\\IdeaCrew\\active-branch-tracker\\functions\\node_modules\\firebase-functions\\lib\\index.js"}} {"metadata":{"emulator":{"name":"functions"},"message":"[runtime-status] [15932] firebase-functions has been stubbed. {\"functionsResolution\":{\"declared\":true,\"installed\":true,\"version\":\"3.11.0\",\"resolution\":\"C:\\\\Users\\\\Mark\\\\Documents\\\\IdeaCrew\\\\active-branch-tracker\\\\functions\\\\node_modules\\\\firebase-functions\\\\lib\\\\index.js\"}}"}}
[debug] [2020-09-13T21:14:38.522Z] [runtime-status] [15932] Resolved module firebase-functions {"declared":true,"installed":true,"version":"3.11.0","resolution":"C:\\Users\\Mark\\Documents\\IdeaCrew\\active-branch-tracker\\functions\\node_modules\\firebase-functions\\lib\\index.js"} {"metadata":{"emulator":{"name":"functions"},"message":"[runtime-status] [15932] Resolved module firebase-functions {\"declared\":true,\"installed\":true,\"version\":\"3.11.0\",\"resolution\":\"C:\\\\Users\\\\Mark\\\\Documents\\\\IdeaCrew\\\\active-branch-tracker\\\\functions\\\\node_modules\\\\firebase-functions\\\\lib\\\\index.js\"}"}}
[debug] [2020-09-13T21:14:38.524Z] [runtime-status] [15932] Resolved module firebase-admin {"declared":true,"installed":true,"version":"9.1.1","resolution":"C:\\Users\\Mark\\Documents\\IdeaCrew\\active-branch-tracker\\functions\\node_modules\\firebase-admin\\lib\\index.js"} {"metadata":{"emulator":{"name":"functions"},"message":"[runtime-status] [15932] Resolved module firebase-admin {\"declared\":true,\"installed\":true,\"version\":\"9.1.1\",\"resolution\":\"C:\\\\Users\\\\Mark\\\\Documents\\\\IdeaCrew\\\\active-branch-tracker\\\\functions\\\\node_modules\\\\firebase-admin\\\\lib\\\\index.js\"}"}}
[debug] [2020-09-13T21:14:38.525Z] [runtime-status] [15932] Resolved module firebase-functions {"declared":true,"installed":true,"version":"3.11.0","resolution":"C:\\Users\\Mark\\Documents\\IdeaCrew\\active-branch-tracker\\functions\\node_modules\\firebase-functions\\lib\\index.js"} {"metadata":{"emulator":{"name":"functions"},"message":"[runtime-status] [15932] Resolved module firebase-functions {\"declared\":true,\"installed\":true,\"version\":\"3.11.0\",\"resolution\":\"C:\\\\Users\\\\Mark\\\\Documents\\\\IdeaCrew\\\\active-branch-tracker\\\\functions\\\\node_modules\\\\firebase-functions\\\\lib\\\\index.js\"}"}}
[debug] [2020-09-13T21:14:38.525Z] [runtime-status] [15932] firebase-admin has been stubbed. {"adminResolution":{"declared":true,"installed":true,"version":"9.1.1","resolution":"C:\\Users\\Mark\\Documents\\IdeaCrew\\active-branch-tracker\\functions\\node_modules\\firebase-admin\\lib\\index.js"}} {"metadata":{"emulator":{"name":"functions"},"message":"[runtime-status] [15932] firebase-admin has been stubbed. {\"adminResolution\":{\"declared\":true,\"installed\":true,\"version\":\"9.1.1\",\"resolution\":\"C:\\\\Users\\\\Mark\\\\Documents\\\\IdeaCrew\\\\active-branch-tracker\\\\functions\\\\node_modules\\\\firebase-admin\\\\lib\\\\index.js\"}}"}}
[debug] [2020-09-13T21:14:38.691Z] [runtime-status] [15932] initializeApp(DEFAULT) {"databaseURL":"https://active-branches-report.firebaseio.com","storageBucket":"active-branches-report.appspot.com","projectId":"active-branches-report"} {"metadata":{"emulator":{"name":"functions"},"message":"[runtime-status] [15932] initializeApp(DEFAULT) {\"databaseURL\":\"https://active-branches-report.firebaseio.com\",\"storageBucket\":\"active-branches-report.appspot.com\",\"projectId\":\"active-branches-report\"}"}}
[debug] [2020-09-13T21:14:38.699Z] addFirestoreTrigger "{\"eventTrigger\":{\"resource\":\"projects/active-branches-report/databases/(default)/documents/environments/{environmentId}\",\"eventType\":\"providers/cloud.firestore/eventTypes/document.update\",\"service\":\"firestore.googleapis.com\"}}"
[debug] [2020-09-13T21:14:38.700Z] >>> HTTP REQUEST PUT http://localhost:8080/emulator/v1/projects/active-branches-report/triggers/watchEnvironments  
 {"eventTrigger":{"resource":"projects/active-branches-report/databases/(default)/documents/environments/{environmentId}","eventType":"providers/cloud.firestore/eventTypes/document.update","service":"firestore.googleapis.com"}}
[debug] [2020-09-13T21:14:38.703Z] [worker-~diagnostic~-7fb588e5-5879-4edc-b86f-4f25e86c2268]: IDLE {"metadata":{"emulator":{"name":"functions"},"message":"[worker-~diagnostic~-7fb588e5-5879-4edc-b86f-4f25e86c2268]: IDLE"}}
[debug] [2020-09-13T21:14:38.727Z] Sep 13, 2020 5:14:38 PM io.gapi.emulators.netty.HttpVersionRoutingHandler channelRead
INFO: Detected non-HTTP/2 connection.
 {"metadata":{"emulator":{"name":"firestore"},"message":"Sep 13, 2020 5:14:38 PM io.gapi.emulators.netty.HttpVersionRoutingHandler channelRead\r\nINFO: Detected non-HTTP/2 connection.\r\n"}}
[debug] [2020-09-13T21:14:38.996Z] Sep 13, 2020 5:14:38 PM io.gapi.emulators.netty.HttpVersionRoutingHandler channelRead
INFO: Detected HTTP/2 connection.
 {"metadata":{"emulator":{"name":"firestore"},"message":"Sep 13, 2020 5:14:38 PM io.gapi.emulators.netty.HttpVersionRoutingHandler channelRead\r\nINFO: Detected HTTP/2 connection.\r\n"}}
[debug] [2020-09-13T21:14:39.707Z] <<< HTTP RESPONSE 200 {"content-type":"application/json","content-length":"4"}
[info] +  functions[webhook]: http function initialized (http://localhost:5001/active-branches-report/us-central1/webhook). {"metadata":{"emulator":{"name":"functions"},"message":"\u001b[1mhttp\u001b[22m function initialized (http://localhost:5001/active-branches-report/us-central1/webhook)."}}
[info] +  functions[staleBranchOnDemand]: http function initialized (http://localhost:5001/active-branches-report/us-central1/staleBranchOnDemand). {"metadata":{"emulator":{"name":"functions"},"message":"\u001b[1mhttp\u001b[22m function initialized (http://localhost:5001/active-branches-report/us-central1/staleBranchOnDemand)."}}
[info] +  functions[branchDeployment]: http function initialized (http://localhost:5001/active-branches-report/us-central1/branchDeployment). {"metadata":{"emulator":{"name":"functions"},"message":"\u001b[1mhttp\u001b[22m function initialized (http://localhost:5001/active-branches-report/us-central1/branchDeployment)."}}
[info] +  functions[brakeManOutput]: http function initialized (http://localhost:5001/active-branches-report/us-central1/brakeManOutput). {"metadata":{"emulator":{"name":"functions"},"message":"\u001b[1mhttp\u001b[22m function initialized (http://localhost:5001/active-branches-report/us-central1/brakeManOutput)."}}
[info] +  functions[watchEnvironments]: firestore function initialized. {"metadata":{"emulator":{"name":"functions"},"message":"\u001b[1mfirestore\u001b[22m function initialized."}}
[info] i  functions[oldBranchesNotification]: function ignored because the pubsub emulator does not exist or is not running. {"metadata":{"emulator":{"name":"functions"},"message":"function ignored because the pubsub emulator does not exist or is not running."}}
[info] 
┌───────────────────────────────────────────────────────────────────────┐
│ ✔  All emulators ready! View status and logs at http://localhost:4000 │
└───────────────────────────────────────────────────────────────────────┘

┌───────────┬────────────────┬─────────────────────────────────┐
│ Emulator  │ Host:Port      │ View in Emulator UI             │
├───────────┼────────────────┼─────────────────────────────────┤
│ Functions │ localhost:5001 │ http://localhost:4000/functions │
├───────────┼────────────────┼─────────────────────────────────┤
│ Firestore │ localhost:8080 │ http://localhost:4000/firestore │
├───────────┼────────────────┼─────────────────────────────────┤
│ Hosting   │ localhost:5000 │ n/a                             │
└───────────┴────────────────┴─────────────────────────────────┘
  Other reserved ports: 4400, 4500

Issues? Report them at https://github.com/firebase/firebase-tools/issues and attach the *-debug.log files.
 
[debug] [2020-09-13T21:15:06.363Z] Sep 13, 2020 5:15:06 PM io.gapi.emulators.netty.HttpVersionRoutingHandler channelRead
INFO: Detected non-HTTP/2 connection.
 {"metadata":{"emulator":{"name":"firestore"},"message":"Sep 13, 2020 5:15:06 PM io.gapi.emulators.netty.HttpVersionRoutingHandler channelRead\r\nINFO: Detected non-HTTP/2 connection.\r\n"}}
[debug] [2020-09-13T21:15:06.498Z] Sep 13, 2020 5:15:06 PM io.gapi.emulators.netty.HttpVersionRoutingHandler channelRead
INFO: Detected HTTP/2 connection.
 {"metadata":{"emulator":{"name":"firestore"},"message":"Sep 13, 2020 5:15:06 PM io.gapi.emulators.netty.HttpVersionRoutingHandler channelRead\r\nINFO: Detected HTTP/2 connection.\r\n"}}
[debug] [2020-09-13T21:15:06.737Z] Sep 13, 2020 5:15:06 PM io.gapi.emulators.netty.HttpVersionRoutingHandler channelRead
INFO: Detected non-HTTP/2 connection.
 {"metadata":{"emulator":{"name":"firestore"},"message":"Sep 13, 2020 5:15:06 PM io.gapi.emulators.netty.HttpVersionRoutingHandler channelRead\r\nINFO: Detected non-HTTP/2 connection.\r\n"}}
[debug] [2020-09-13T21:15:06.753Z] Sep 13, 2020 5:15:06 PM io.gapi.emulators.netty.HttpVersionRoutingHandler channelRead
INFO: Detected non-HTTP/2 connection.
 {"metadata":{"emulator":{"name":"firestore"},"message":"Sep 13, 2020 5:15:06 PM io.gapi.emulators.netty.HttpVersionRoutingHandler channelRead\r\nINFO: Detected non-HTTP/2 connection.\r\n"}}
[debug] [2020-09-13T21:15:06.769Z] Sep 13, 2020 5:15:06 PM io.gapi.emulators.netty.HttpVersionRoutingHandler channelRead
INFO: Detected non-HTTP/2 connection.
 {"metadata":{"emulator":{"name":"firestore"},"message":"Sep 13, 2020 5:15:06 PM io.gapi.emulators.netty.HttpVersionRoutingHandler channelRead\r\nINFO: Detected non-HTTP/2 connection.\r\n"}}
[debug] [2020-09-13T21:15:06.786Z] Sep 13, 2020 5:15:06 PM io.gapi.emulators.netty.HttpVersionRoutingHandler channelRead
INFO: Detected non-HTTP/2 connection.
 {"metadata":{"emulator":{"name":"firestore"},"message":"Sep 13, 2020 5:15:06 PM io.gapi.emulators.netty.HttpVersionRoutingHandler channelRead\r\nINFO: Detected non-HTTP/2 connection.\r\n"}}
[debug] [2020-09-13T21:15:06.904Z] Sep 13, 2020 5:15:06 PM io.netty.channel.DefaultChannelPipeline onUnhandledInboundException
WARNING: An exceptionCaught() event was fired, and it reached at the tail of the pipeline. It usually means the last handler in the pipeline did not handle the exception.
java.io.IOException: An existing connection was forcibly closed by the remote host
	at sun.nio.ch.SocketDispatcher.read0(Native Method)
	at sun.nio.ch.SocketDispatcher.read(Unknown Source)
	at sun.nio.ch.IOUtil.readIntoNativeBuffer(Unknown Source)
	at sun.nio.ch.IOUtil.read(Unknown Source)
	at sun.nio.ch.SocketChannelImpl.read(Unknown Source)
	at io.netty.buffer.PooledByteBuf.setBytes(PooledByteBuf.java:253)
	at io.netty.buffer.AbstractByteBuf.writeBytes(AbstractByteBuf.java:1133)
	at io.netty.channel.socket.nio.NioSocketChannel.doReadBytes(NioSocketChannel.java:350)
	at io.netty.channel.nio.AbstractNioByteChannel$NioByteUnsafe.read(AbstractNioByteChannel.java:148)
	at io.netty.channel.nio.NioEventLoop.processSelectedKey(NioEventLoop.java:714)
	at io.netty.channel.nio.NioEventLoop.processSelectedKeysOptimized(NioEventLoop.java:650)
	at io.netty.channel.nio.NioEventLoop.processSelectedKeys(NioEventLoop.java:576)
	at io.netty.channel.nio.NioEventLoop.run(NioEventLoop.java:493)
	at io.netty.util.concurrent.SingleThreadEventExecutor$4.run(SingleThreadEventExecutor.java:989)
	at io.netty.util.internal.ThreadExecutorMap$2.run(ThreadExecutorMap.java:74)
	at io.netty.util.concurrent.FastThreadLocalRunnable.run(FastThreadLocalRunnable.java:30)
	at java.lang.Thread.run(Unknown Source)

 {"metadata":{"emulator":{"name":"firestore"},"message":"Sep 13, 2020 5:15:06 PM io.netty.channel.DefaultChannelPipeline onUnhandledInboundException\r\nWARNING: An exceptionCaught() event was fired, and it reached at the tail of the pipeline. It usually means the last handler in the pipeline did not handle the exception.\r\njava.io.IOException: An existing connection was forcibly closed by the remote host\r\n\tat sun.nio.ch.SocketDispatcher.read0(Native Method)\r\n\tat sun.nio.ch.SocketDispatcher.read(Unknown Source)\r\n\tat sun.nio.ch.IOUtil.readIntoNativeBuffer(Unknown Source)\r\n\tat sun.nio.ch.IOUtil.read(Unknown Source)\r\n\tat sun.nio.ch.SocketChannelImpl.read(Unknown Source)\r\n\tat io.netty.buffer.PooledByteBuf.setBytes(PooledByteBuf.java:253)\r\n\tat io.netty.buffer.AbstractByteBuf.writeBytes(AbstractByteBuf.java:1133)\r\n\tat io.netty.channel.socket.nio.NioSocketChannel.doReadBytes(NioSocketChannel.java:350)\r\n\tat io.netty.channel.nio.AbstractNioByteChannel$NioByteUnsafe.read(AbstractNioByteChannel.java:148)\r\n\tat io.netty.channel.nio.NioEventLoop.processSelectedKey(NioEventLoop.java:714)\r\n\tat io.netty.channel.nio.NioEventLoop.processSelectedKeysOptimized(NioEventLoop.java:650)\r\n\tat io.netty.channel.nio.NioEventLoop.processSelectedKeys(NioEventLoop.java:576)\r\n\tat io.netty.channel.nio.NioEventLoop.run(NioEventLoop.java:493)\r\n\tat io.netty.util.concurrent.SingleThreadEventExecutor$4.run(SingleThreadEventExecutor.java:989)\r\n\tat io.netty.util.internal.ThreadExecutorMap$2.run(ThreadExecutorMap.java:74)\r\n\tat io.netty.util.concurrent.FastThreadLocalRunnable.run(FastThreadLocalRunnable.java:30)\r\n\tat java.lang.Thread.run(Unknown Source)\r\n\r\n"}}
[debug] [2020-09-13T21:15:06.905Z] Sep 13, 2020 5:15:06 PM io.netty.channel.DefaultChannelPipeline onUnhandledInboundException
WARNING: An exceptionCaught() event was fired, and it reached at the tail of the pipeline. It usually means the last handler in the pipeline did not handle the exception.
java.io.IOException: An existing connection was forcibly closed by the remote host
	at sun.nio.ch.SocketDispatcher.read0(Native Method)
	at sun.nio.ch.SocketDispatcher.read(Unknown Source)
	at sun.nio.ch.IOUtil.readIntoNativeBuffer(Unknown Source)
	at sun.nio.ch.IOUtil.read(Unknown Source)
	at sun.nio.ch.SocketChannelImpl.read(Unknown Source)
	at io.netty.buffer.PooledByteBuf.setBytes(PooledByteBuf.java:253)
	at io.netty.buffer.AbstractByteBuf.writeBytes(AbstractByteBuf.java:1133)
	at io.netty.channel.socket.nio.NioSocketChannel.doReadBytes(NioSocketChannel.java:350)
	at io.netty.channel.nio.AbstractNioByteChannel$NioByteUnsafe.read(AbstractNioByteChannel.java:148)
	at io.netty.channel.nio.NioEventLoop.processSelectedKey(NioEventLoop.java:714)
	at io.netty.channel.nio.NioEventLoop.processSelectedKeysOptimized(NioEventLoop.java:650)
	at io.netty.channel.nio.NioEventLoop.processSelectedKeys(NioEventLoop.java:576)
	at io.netty.channel.nio.NioEventLoop.run(NioEventLoop.java:493)
	at io.netty.util.concurrent.SingleThreadEventExecutor$4.run(SingleThreadEventExecutor.java:989)
	at io.netty.util.internal.ThreadExecutorMap$2.run(ThreadExecutorMap.java:74)
	at io.netty.util.concurrent.FastThreadLocalRunnable.run(FastThreadLocalRunnable.java:30)
	at java.lang.Thread.run(Unknown Source)

 {"metadata":{"emulator":{"name":"firestore"},"message":"Sep 13, 2020 5:15:06 PM io.netty.channel.DefaultChannelPipeline onUnhandledInboundException\r\nWARNING: An exceptionCaught() event was fired, and it reached at the tail of the pipeline. It usually means the last handler in the pipeline did not handle the exception.\r\njava.io.IOException: An existing connection was forcibly closed by the remote host\r\n\tat sun.nio.ch.SocketDispatcher.read0(Native Method)\r\n\tat sun.nio.ch.SocketDispatcher.read(Unknown Source)\r\n\tat sun.nio.ch.IOUtil.readIntoNativeBuffer(Unknown Source)\r\n\tat sun.nio.ch.IOUtil.read(Unknown Source)\r\n\tat sun.nio.ch.SocketChannelImpl.read(Unknown Source)\r\n\tat io.netty.buffer.PooledByteBuf.setBytes(PooledByteBuf.java:253)\r\n\tat io.netty.buffer.AbstractByteBuf.writeBytes(AbstractByteBuf.java:1133)\r\n\tat io.netty.channel.socket.nio.NioSocketChannel.doReadBytes(NioSocketChannel.java:350)\r\n\tat io.netty.channel.nio.AbstractNioByteChannel$NioByteUnsafe.read(AbstractNioByteChannel.java:148)\r\n\tat io.netty.channel.nio.NioEventLoop.processSelectedKey(NioEventLoop.java:714)\r\n\tat io.netty.channel.nio.NioEventLoop.processSelectedKeysOptimized(NioEventLoop.java:650)\r\n\tat io.netty.channel.nio.NioEventLoop.processSelectedKeys(NioEventLoop.java:576)\r\n\tat io.netty.channel.nio.NioEventLoop.run(NioEventLoop.java:493)\r\n\tat io.netty.util.concurrent.SingleThreadEventExecutor$4.run(SingleThreadEventExecutor.java:989)\r\n\tat io.netty.util.internal.ThreadExecutorMap$2.run(ThreadExecutorMap.java:74)\r\n\tat io.netty.util.concurrent.FastThreadLocalRunnable.run(FastThreadLocalRunnable.java:30)\r\n\tat java.lang.Thread.run(Unknown Source)\r\n\r\n"}}
[debug] [2020-09-13T21:16:25.189Z] Sep 13, 2020 5:16:25 PM io.gapi.emulators.netty.HttpVersionRoutingHandler channelRead
INFO: Detected non-HTTP/2 connection.
 {"metadata":{"emulator":{"name":"firestore"},"message":"Sep 13, 2020 5:16:25 PM io.gapi.emulators.netty.HttpVersionRoutingHandler channelRead\r\nINFO: Detected non-HTTP/2 connection.\r\n"}}
[debug] [2020-09-13T21:16:25.322Z] Sep 13, 2020 5:16:25 PM io.gapi.emulators.netty.HttpVersionRoutingHandler channelRead
INFO: Detected HTTP/2 connection.
 {"metadata":{"emulator":{"name":"firestore"},"message":"Sep 13, 2020 5:16:25 PM io.gapi.emulators.netty.HttpVersionRoutingHandler channelRead\r\nINFO: Detected HTTP/2 connection.\r\n"}}
[debug] [2020-09-13T21:16:25.362Z] Sep 13, 2020 5:16:25 PM io.gapi.emulators.netty.HttpVersionRoutingHandler channelRead
INFO: Detected non-HTTP/2 connection.
 {"metadata":{"emulator":{"name":"firestore"},"message":"Sep 13, 2020 5:16:25 PM io.gapi.emulators.netty.HttpVersionRoutingHandler channelRead\r\nINFO: Detected non-HTTP/2 connection.\r\n"}}
[debug] [2020-09-13T21:16:25.682Z] Sep 13, 2020 5:16:25 PM io.gapi.emulators.netty.HttpVersionRoutingHandler channelRead
INFO: Detected HTTP/2 connection.
 {"metadata":{"emulator":{"name":"firestore"},"message":"Sep 13, 2020 5:16:25 PM io.gapi.emulators.netty.HttpVersionRoutingHandler channelRead\r\nINFO: Detected HTTP/2 connection.\r\n"}}
[debug] [2020-09-13T21:16:25.883Z] Sep 13, 2020 5:16:25 PM io.gapi.emulators.netty.HttpVersionRoutingHandler channelRead
INFO: Detected non-HTTP/2 connection.
 {"metadata":{"emulator":{"name":"firestore"},"message":"Sep 13, 2020 5:16:25 PM io.gapi.emulators.netty.HttpVersionRoutingHandler channelRead\r\nINFO: Detected non-HTTP/2 connection.\r\n"}}
[debug] [2020-09-13T21:16:26.046Z] Sep 13, 2020 5:16:26 PM com.google.cloud.datastore.emulator.impl.util.WrappedStreamObserver onError
INFO: operation failed: 
false for 'update' @ L9, false for 'update' @ L19
 {"metadata":{"emulator":{"name":"firestore"},"message":"Sep 13, 2020 5:16:26 PM com.google.cloud.datastore.emulator.impl.util.WrappedStreamObserver onError\r\nINFO: operation failed: \nfalse for 'update' @ L9, false for 'update' @ L19\r\n"}}
[debug] [2020-09-13T21:16:26.061Z] Sep 13, 2020 5:16:26 PM io.gapi.emulators.netty.HttpVersionRoutingHandler channelRead
INFO: Detected non-HTTP/2 connection.
 {"metadata":{"emulator":{"name":"firestore"},"message":"Sep 13, 2020 5:16:26 PM io.gapi.emulators.netty.HttpVersionRoutingHandler channelRead\r\nINFO: Detected non-HTTP/2 connection.\r\n"}}
[debug] [2020-09-13T21:16:26.190Z] Sep 13, 2020 5:16:26 PM io.gapi.emulators.netty.HttpVersionRoutingHandler channelRead
INFO: Detected non-HTTP/2 connection.
 {"metadata":{"emulator":{"name":"firestore"},"message":"Sep 13, 2020 5:16:26 PM io.gapi.emulators.netty.HttpVersionRoutingHandler channelRead\r\nINFO: Detected non-HTTP/2 connection.\r\n"}}
[debug] [2020-09-13T21:16:26.217Z] Sep 13, 2020 5:16:26 PM io.netty.channel.DefaultChannelPipeline onUnhandledInboundException
WARNING: An exceptionCaught() event was fired, and it reached at the tail of the pipeline. It usually means the last handler in the pipeline did not handle the exception.
java.io.IOException: An existing connection was forcibly closed by the remote host
	at sun.nio.ch.SocketDispatcher.read0(Native Method)
	at sun.nio.ch.SocketDispatcher.read(Unknown Source)
	at sun.nio.ch.IOUtil.readIntoNativeBuffer(Unknown Source)
	at sun.nio.ch.IOUtil.read(Unknown Source)
	at sun.nio.ch.SocketChannelImpl.read(Unknown Source)
	at io.netty.buffer.PooledByteBuf.setBytes(PooledByteBuf.java:253)
	at io.netty.buffer.AbstractByteBuf.writeBytes(AbstractByteBuf.java:1133)
	at io.netty.channel.socket.nio.NioSocketChannel.doReadBytes(NioSocketChannel.java:350)
	at io.netty.channel.nio.AbstractNioByteChannel$NioByteUnsafe.read(AbstractNioByteChannel.java:148)
	at io.netty.channel.nio.NioEventLoop.processSelectedKey(NioEventLoop.java:714)
	at io.netty.channel.nio.NioEventLoop.processSelectedKeysOptimized(NioEventLoop.java:650)
	at io.netty.channel.nio.NioEventLoop.processSelectedKeys(NioEventLoop.java:576)
	at io.netty.channel.nio.NioEventLoop.run(NioEventLoop.java:493)
	at io.netty.util.concurrent.SingleThreadEventExecutor$4.run(SingleThreadEventExecutor.java:989)
	at io.netty.util.internal.ThreadExecutorMap$2.run(ThreadExecutorMap.java:74)
	at io.netty.util.concurrent.FastThreadLocalRunnable.run(FastThreadLocalRunnable.java:30)
	at java.lang.Thread.run(Unknown Source)

 {"metadata":{"emulator":{"name":"firestore"},"message":"Sep 13, 2020 5:16:26 PM io.netty.channel.DefaultChannelPipeline onUnhandledInboundException\r\nWARNING: An exceptionCaught() event was fired, and it reached at the tail of the pipeline. It usually means the last handler in the pipeline did not handle the exception.\r\njava.io.IOException: An existing connection was forcibly closed by the remote host\r\n\tat sun.nio.ch.SocketDispatcher.read0(Native Method)\r\n\tat sun.nio.ch.SocketDispatcher.read(Unknown Source)\r\n\tat sun.nio.ch.IOUtil.readIntoNativeBuffer(Unknown Source)\r\n\tat sun.nio.ch.IOUtil.read(Unknown Source)\r\n\tat sun.nio.ch.SocketChannelImpl.read(Unknown Source)\r\n\tat io.netty.buffer.PooledByteBuf.setBytes(PooledByteBuf.java:253)\r\n\tat io.netty.buffer.AbstractByteBuf.writeBytes(AbstractByteBuf.java:1133)\r\n\tat io.netty.channel.socket.nio.NioSocketChannel.doReadBytes(NioSocketChannel.java:350)\r\n\tat io.netty.channel.nio.AbstractNioByteChannel$NioByteUnsafe.read(AbstractNioByteChannel.java:148)\r\n\tat io.netty.channel.nio.NioEventLoop.processSelectedKey(NioEventLoop.java:714)\r\n\tat io.netty.channel.nio.NioEventLoop.processSelectedKeysOptimized(NioEventLoop.java:650)\r\n\tat io.netty.channel.nio.NioEventLoop.processSelectedKeys(NioEventLoop.java:576)\r\n\tat io.netty.channel.nio.NioEventLoop.run(NioEventLoop.java:493)\r\n\tat io.netty.util.concurrent.SingleThreadEventExecutor$4.run(SingleThreadEventExecutor.java:989)\r\n\tat io.netty.util.internal.ThreadExecutorMap$2.run(ThreadExecutorMap.java:74)\r\n\tat io.netty.util.concurrent.FastThreadLocalRunnable.run(FastThreadLocalRunnable.java:30)\r\n\tat java.lang.Thread.run(Unknown Source)\r\n\r\n"}}
[debug] [2020-09-13T21:16:26.218Z] Sep 13, 2020 5:16:26 PM io.netty.channel.DefaultChannelPipeline onUnhandledInboundException
WARNING: An exceptionCaught() event was fired, and it reached at the tail of the pipeline. It usually means the last handler in the pipeline did not handle the exception.
java.io.IOException: An existing connection was forcibly closed by the remote host
	at sun.nio.ch.SocketDispatcher.read0(Native Method)
	at sun.nio.ch.SocketDispatcher.read(Unknown Source)
	at sun.nio.ch.IOUtil.readIntoNativeBuffer(Unknown Source)
	at sun.nio.ch.IOUtil.read(Unknown Source)
	at sun.nio.ch.SocketChannelImpl.read(Unknown Source)
	at io.netty.buffer.PooledByteBuf.setBytes(PooledByteBuf.java:253)
	at io.netty.buffer.AbstractByteBuf.writeBytes(AbstractByteBuf.java:1133)
	at io.netty.channel.socket.nio.NioSocketChannel.doReadBytes(NioSocketChannel.java:350)
	at io.netty.channel.nio.AbstractNioByteChannel$NioByteUnsafe.read(AbstractNioByteChannel.java:148)
	at io.netty.channel.nio.NioEventLoop.processSelectedKey(NioEventLoop.java:714)
	at io.netty.channel.nio.NioEventLoop.processSelectedKeysOptimized(NioEventLoop.java:650)
	at io.netty.channel.nio.NioEventLoop.processSelectedKeys(NioEventLoop.java:576)
	at io.netty.channel.nio.NioEventLoop.run(NioEventLoop.java:493)
	at io.netty.util.concurrent.SingleThreadEventExecutor$4.run(SingleThreadEventExecutor.java:989)
	at io.netty.util.internal.ThreadExecutorMap$2.run(ThreadExecutorMap.java:74)
	at io.netty.util.concurrent.FastThreadLocalRunnable.run(FastThreadLocalRunnable.java:30)
	at java.lang.Thread.run(Unknown Source)

Sep 13, 2020 5:16:26 PM io.netty.channel.DefaultChannelPipeline onUnhandledInboundException
WARNING: An exceptionCaught() event was fired, and it reached at the tail of the pipeline. It usually means the last handler in the pipeline did not handle the exception.
java.io.IOException: An existing connection was forcibly closed by the remote host
	at sun.nio.ch.SocketDispatcher.read0(Native Method)
	at sun.nio.ch.SocketDispatcher.read(Unknown Source)
	at sun.nio.ch.IOUtil.readIntoNativeBuffer(Unknown Source)
	at sun.nio.ch.IOUtil.read(Unknown Source)
	at sun.nio.ch.SocketChannelImpl.read(Unknown Source)
	at io.netty.buffer.PooledByteBuf.setBytes(PooledByteBuf.java:253)
	at io.netty.buffer.AbstractByteBuf.writeBytes(AbstractByteBuf.java:1133)
	at io.netty.channel.socket.nio.NioSocketChannel.doReadBytes(NioSocketChannel.java:350)
	at io.netty.channel.nio.AbstractNioByteChannel$NioByteUnsafe.read(AbstractNioByteChannel.java:148)
	at io.netty.channel.nio.NioEventLoop.processSelectedKey(NioEventLoop.java:714)
	at io.netty.channel.nio.NioEventLoop.processSelectedKeysOptimized(NioEventLoop.java:650)
	at io.netty.channel.nio.NioEventLoop.processSelectedKeys(NioEventLoop.java:576)
	at io.netty.channel.nio.NioEventLoop.run(NioEventLoop.java:493)
	at io.netty.util.concurrent.SingleThreadEventExecutor$4.run(SingleThreadEventExecutor.java:989)
	at io.netty.util.internal.ThreadExecutorMap$2.run(ThreadExecutorMap.java:74)
	at io.netty.util.concurrent.FastThreadLocalRunnable.run(FastThreadLocalRunnable.java:30)
	at java.lang.Thread.run(Unknown Source)

 {"metadata":{"emulator":{"name":"firestore"},"message":"Sep 13, 2020 5:16:26 PM io.netty.channel.DefaultChannelPipeline onUnhandledInboundException\r\nWARNING: An exceptionCaught() event was fired, and it reached at the tail of the pipeline. It usually means the last handler in the pipeline did not handle the exception.\r\njava.io.IOException: An existing connection was forcibly closed by the remote host\r\n\tat sun.nio.ch.SocketDispatcher.read0(Native Method)\r\n\tat sun.nio.ch.SocketDispatcher.read(Unknown Source)\r\n\tat sun.nio.ch.IOUtil.readIntoNativeBuffer(Unknown Source)\r\n\tat sun.nio.ch.IOUtil.read(Unknown Source)\r\n\tat sun.nio.ch.SocketChannelImpl.read(Unknown Source)\r\n\tat io.netty.buffer.PooledByteBuf.setBytes(PooledByteBuf.java:253)\r\n\tat io.netty.buffer.AbstractByteBuf.writeBytes(AbstractByteBuf.java:1133)\r\n\tat io.netty.channel.socket.nio.NioSocketChannel.doReadBytes(NioSocketChannel.java:350)\r\n\tat io.netty.channel.nio.AbstractNioByteChannel$NioByteUnsafe.read(AbstractNioByteChannel.java:148)\r\n\tat io.netty.channel.nio.NioEventLoop.processSelectedKey(NioEventLoop.java:714)\r\n\tat io.netty.channel.nio.NioEventLoop.processSelectedKeysOptimized(NioEventLoop.java:650)\r\n\tat io.netty.channel.nio.NioEventLoop.processSelectedKeys(NioEventLoop.java:576)\r\n\tat io.netty.channel.nio.NioEventLoop.run(NioEventLoop.java:493)\r\n\tat io.netty.util.concurrent.SingleThreadEventExecutor$4.run(SingleThreadEventExecutor.java:989)\r\n\tat io.netty.util.internal.ThreadExecutorMap$2.run(ThreadExecutorMap.java:74)\r\n\tat io.netty.util.concurrent.FastThreadLocalRunnable.run(FastThreadLocalRunnable.java:30)\r\n\tat java.lang.Thread.run(Unknown Source)\r\n\r\nSep 13, 2020 5:16:26 PM io.netty.channel.DefaultChannelPipeline onUnhandledInboundException\r\nWARNING: An exceptionCaught() event was fired, and it reached at the tail of the pipeline. It usually means the last handler in the pipeline did not handle the exception.\r\njava.io.IOException: An existing connection was forcibly closed by the remote host\r\n\tat sun.nio.ch.SocketDispatcher.read0(Native Method)\r\n\tat sun.nio.ch.SocketDispatcher.read(Unknown Source)\r\n\tat sun.nio.ch.IOUtil.readIntoNativeBuffer(Unknown Source)\r\n\tat sun.nio.ch.IOUtil.read(Unknown Source)\r\n\tat sun.nio.ch.SocketChannelImpl.read(Unknown Source)\r\n\tat io.netty.buffer.PooledByteBuf.setBytes(PooledByteBuf.java:253)\r\n\tat io.netty.buffer.AbstractByteBuf.writeBytes(AbstractByteBuf.java:1133)\r\n\tat io.netty.channel.socket.nio.NioSocketChannel.doReadBytes(NioSocketChannel.java:350)\r\n\tat io.netty.channel.nio.AbstractNioByteChannel$NioByteUnsafe.read(AbstractNioByteChannel.java:148)\r\n\tat io.netty.channel.nio.NioEventLoop.processSelectedKey(NioEventLoop.java:714)\r\n\tat io.netty.channel.nio.NioEventLoop.processSelectedKeysOptimized(NioEventLoop.java:650)\r\n\tat io.netty.channel.nio.NioEventLoop.processSelectedKeys(NioEventLoop.java:576)\r\n\tat io.netty.channel.nio.NioEventLoop.run(NioEventLoop.java:493)\r\n\tat io.netty.util.concurrent.SingleThreadEventExecutor$4.run(SingleThreadEventExecutor.java:989)\r\n\tat io.netty.util.internal.ThreadExecutorMap$2.run(ThreadExecutorMap.java:74)\r\n\tat io.netty.util.concurrent.FastThreadLocalRunnable.run(FastThreadLocalRunnable.java:30)\r\n\tat java.lang.Thread.run(Unknown Source)\r\n\r\n"}}
[debug] [2020-09-13T21:16:26.226Z] [work-queue] {"queueLength":1,"workRunningCount":0}
[debug] [2020-09-13T21:16:26.227Z] [work-queue] {"queueLength":0,"workRunningCount":1}
[debug] [2020-09-13T21:16:26.227Z] Accepted request POST /functions/projects/active-branches-report/triggers/watchEnvironments --> watchEnvironments {"metadata":{"emulator":{"name":"functions"},"message":"Accepted request POST /functions/projects/active-branches-report/triggers/watchEnvironments --> watchEnvironments"}}
[debug] [2020-09-13T21:16:26.235Z] [worker-pool] addWorker(watchEnvironments) {"metadata":{"emulator":{"name":"functions"},"message":"[worker-pool] addWorker(watchEnvironments)"}}
[debug] [2020-09-13T21:16:26.235Z] [worker-pool] Adding worker with key watchEnvironments, total=1 {"metadata":{"emulator":{"name":"functions"},"message":"[worker-pool] Adding worker with key watchEnvironments, total=1"}}
[debug] [2020-09-13T21:16:26.235Z] [worker-pool] submitWork(triggerId=watchEnvironments) {"metadata":{"emulator":{"name":"functions"},"message":"[worker-pool] submitWork(triggerId=watchEnvironments)"}}
[debug] [2020-09-13T21:16:26.235Z] [worker-watchEnvironments-fdf9c3a7-3a48-4cda-b7e2-1c705d05eb3e]: Assigning socketPath: \\?\pipe\C:\Users\Mark\Documents\IdeaCrew\active-branch-tracker\functions\564 {"metadata":{"emulator":{"name":"functions"},"message":"[worker-watchEnvironments-fdf9c3a7-3a48-4cda-b7e2-1c705d05eb3e]: Assigning socketPath: \\\\?\\pipe\\C:\\Users\\Mark\\Documents\\IdeaCrew\\active-branch-tracker\\functions\\564"}}
[debug] [2020-09-13T21:16:26.235Z] [worker-watchEnvironments-fdf9c3a7-3a48-4cda-b7e2-1c705d05eb3e]: BUSY {"metadata":{"emulator":{"name":"functions"},"message":"[worker-watchEnvironments-fdf9c3a7-3a48-4cda-b7e2-1c705d05eb3e]: BUSY"}}
[debug] [2020-09-13T21:16:26.761Z] [runtime-status] [564] Functions runtime initialized. {"cwd":"C:\\Users\\Mark\\Documents\\IdeaCrew\\active-branch-tracker\\functions","node_version":"12.18.3"} {"metadata":{"emulator":{"name":"functions"},"function":{"name":"watchEnvironments"},"message":"[runtime-status] [564] Functions runtime initialized. {\"cwd\":\"C:\\\\Users\\\\Mark\\\\Documents\\\\IdeaCrew\\\\active-branch-tracker\\\\functions\",\"node_version\":\"12.18.3\"}"}}
[debug] [2020-09-13T21:16:26.764Z] [runtime-status] [564] Disabled runtime features: undefined {"metadata":{"emulator":{"name":"functions"},"function":{"name":"watchEnvironments"},"message":"[runtime-status] [564] Disabled runtime features: undefined"}}
[debug] [2020-09-13T21:16:26.769Z] [runtime-status] [564] Resolved module firebase-admin {"declared":true,"installed":true,"version":"9.1.1","resolution":"C:\\Users\\Mark\\Documents\\IdeaCrew\\active-branch-tracker\\functions\\node_modules\\firebase-admin\\lib\\index.js"} {"metadata":{"emulator":{"name":"functions"},"function":{"name":"watchEnvironments"},"message":"[runtime-status] [564] Resolved module firebase-admin {\"declared\":true,\"installed\":true,\"version\":\"9.1.1\",\"resolution\":\"C:\\\\Users\\\\Mark\\\\Documents\\\\IdeaCrew\\\\active-branch-tracker\\\\functions\\\\node_modules\\\\firebase-admin\\\\lib\\\\index.js\"}"}}
[debug] [2020-09-13T21:16:26.774Z] [runtime-status] [564] Resolved module firebase-functions {"declared":true,"installed":true,"version":"3.11.0","resolution":"C:\\Users\\Mark\\Documents\\IdeaCrew\\active-branch-tracker\\functions\\node_modules\\firebase-functions\\lib\\index.js"} {"metadata":{"emulator":{"name":"functions"},"function":{"name":"watchEnvironments"},"message":"[runtime-status] [564] Resolved module firebase-functions {\"declared\":true,\"installed\":true,\"version\":\"3.11.0\",\"resolution\":\"C:\\\\Users\\\\Mark\\\\Documents\\\\IdeaCrew\\\\active-branch-tracker\\\\functions\\\\node_modules\\\\firebase-functions\\\\lib\\\\index.js\"}"}}
[debug] [2020-09-13T21:16:26.775Z] [runtime-status] [564] Resolved module firebase-functions {"declared":true,"installed":true,"version":"3.11.0","resolution":"C:\\Users\\Mark\\Documents\\IdeaCrew\\active-branch-tracker\\functions\\node_modules\\firebase-functions\\lib\\index.js"} {"metadata":{"emulator":{"name":"functions"},"function":{"name":"watchEnvironments"},"message":"[runtime-status] [564] Resolved module firebase-functions {\"declared\":true,\"installed\":true,\"version\":\"3.11.0\",\"resolution\":\"C:\\\\Users\\\\Mark\\\\Documents\\\\IdeaCrew\\\\active-branch-tracker\\\\functions\\\\node_modules\\\\firebase-functions\\\\lib\\\\index.js\"}"}}
[debug] [2020-09-13T21:16:26.777Z] [runtime-status] [564] Outgoing network have been stubbed. [{"name":"http","status":"mocked"},{"name":"http","status":"mocked"},{"name":"https","status":"mocked"},{"name":"https","status":"mocked"},{"name":"net","status":"mocked"}] {"metadata":{"emulator":{"name":"functions"},"function":{"name":"watchEnvironments"},"message":"[runtime-status] [564] Outgoing network have been stubbed. [{\"name\":\"http\",\"status\":\"mocked\"},{\"name\":\"http\",\"status\":\"mocked\"},{\"name\":\"https\",\"status\":\"mocked\"},{\"name\":\"https\",\"status\":\"mocked\"},{\"name\":\"net\",\"status\":\"mocked\"}]"}}
[debug] [2020-09-13T21:16:26.777Z] [runtime-status] [564] Resolved module firebase-functions {"declared":true,"installed":true,"version":"3.11.0","resolution":"C:\\Users\\Mark\\Documents\\IdeaCrew\\active-branch-tracker\\functions\\node_modules\\firebase-functions\\lib\\index.js"} {"metadata":{"emulator":{"name":"functions"},"function":{"name":"watchEnvironments"},"message":"[runtime-status] [564] Resolved module firebase-functions {\"declared\":true,\"installed\":true,\"version\":\"3.11.0\",\"resolution\":\"C:\\\\Users\\\\Mark\\\\Documents\\\\IdeaCrew\\\\active-branch-tracker\\\\functions\\\\node_modules\\\\firebase-functions\\\\lib\\\\index.js\"}"}}
[debug] [2020-09-13T21:16:26.827Z] [runtime-status] [564] Checked functions.config() {"config":{}} {"metadata":{"emulator":{"name":"functions"},"function":{"name":"watchEnvironments"},"message":"[runtime-status] [564] Checked functions.config() {\"config\":{}}"}}
[debug] [2020-09-13T21:16:26.828Z] [runtime-status] [564] firebase-functions has been stubbed. {"functionsResolution":{"declared":true,"installed":true,"version":"3.11.0","resolution":"C:\\Users\\Mark\\Documents\\IdeaCrew\\active-branch-tracker\\functions\\node_modules\\firebase-functions\\lib\\index.js"}} {"metadata":{"emulator":{"name":"functions"},"function":{"name":"watchEnvironments"},"message":"[runtime-status] [564] firebase-functions has been stubbed. {\"functionsResolution\":{\"declared\":true,\"installed\":true,\"version\":\"3.11.0\",\"resolution\":\"C:\\\\Users\\\\Mark\\\\Documents\\\\IdeaCrew\\\\active-branch-tracker\\\\functions\\\\node_modules\\\\firebase-functions\\\\lib\\\\index.js\"}}"}}
[debug] [2020-09-13T21:16:26.829Z] [runtime-status] [564] Resolved module firebase-functions {"declared":true,"installed":true,"version":"3.11.0","resolution":"C:\\Users\\Mark\\Documents\\IdeaCrew\\active-branch-tracker\\functions\\node_modules\\firebase-functions\\lib\\index.js"} {"metadata":{"emulator":{"name":"functions"},"function":{"name":"watchEnvironments"},"message":"[runtime-status] [564] Resolved module firebase-functions {\"declared\":true,\"installed\":true,\"version\":\"3.11.0\",\"resolution\":\"C:\\\\Users\\\\Mark\\\\Documents\\\\IdeaCrew\\\\active-branch-tracker\\\\functions\\\\node_modules\\\\firebase-functions\\\\lib\\\\index.js\"}"}}
[debug] [2020-09-13T21:16:26.830Z] [runtime-status] [564] Resolved module firebase-admin {"declared":true,"installed":true,"version":"9.1.1","resolution":"C:\\Users\\Mark\\Documents\\IdeaCrew\\active-branch-tracker\\functions\\node_modules\\firebase-admin\\lib\\index.js"} {"metadata":{"emulator":{"name":"functions"},"function":{"name":"watchEnvironments"},"message":"[runtime-status] [564] Resolved module firebase-admin {\"declared\":true,\"installed\":true,\"version\":\"9.1.1\",\"resolution\":\"C:\\\\Users\\\\Mark\\\\Documents\\\\IdeaCrew\\\\active-branch-tracker\\\\functions\\\\node_modules\\\\firebase-admin\\\\lib\\\\index.js\"}"}}
[debug] [2020-09-13T21:16:26.830Z] [runtime-status] [564] Resolved module firebase-functions {"declared":true,"installed":true,"version":"3.11.0","resolution":"C:\\Users\\Mark\\Documents\\IdeaCrew\\active-branch-tracker\\functions\\node_modules\\firebase-functions\\lib\\index.js"} {"metadata":{"emulator":{"name":"functions"},"function":{"name":"watchEnvironments"},"message":"[runtime-status] [564] Resolved module firebase-functions {\"declared\":true,\"installed\":true,\"version\":\"3.11.0\",\"resolution\":\"C:\\\\Users\\\\Mark\\\\Documents\\\\IdeaCrew\\\\active-branch-tracker\\\\functions\\\\node_modules\\\\firebase-functions\\\\lib\\\\index.js\"}"}}
[debug] [2020-09-13T21:16:26.831Z] [runtime-status] [564] firebase-admin has been stubbed. {"adminResolution":{"declared":true,"installed":true,"version":"9.1.1","resolution":"C:\\Users\\Mark\\Documents\\IdeaCrew\\active-branch-tracker\\functions\\node_modules\\firebase-admin\\lib\\index.js"}} {"metadata":{"emulator":{"name":"functions"},"function":{"name":"watchEnvironments"},"message":"[runtime-status] [564] firebase-admin has been stubbed. {\"adminResolution\":{\"declared\":true,\"installed\":true,\"version\":\"9.1.1\",\"resolution\":\"C:\\\\Users\\\\Mark\\\\Documents\\\\IdeaCrew\\\\active-branch-tracker\\\\functions\\\\node_modules\\\\firebase-admin\\\\lib\\\\index.js\"}}"}}
[debug] [2020-09-13T21:16:26.911Z] [runtime-status] [564] initializeApp(DEFAULT) {"databaseURL":"https://active-branches-report.firebaseio.com","storageBucket":"active-branches-report.appspot.com","projectId":"active-branches-report"} {"metadata":{"emulator":{"name":"functions"},"function":{"name":"watchEnvironments"},"message":"[runtime-status] [564] initializeApp(DEFAULT) {\"databaseURL\":\"https://active-branches-report.firebaseio.com\",\"storageBucket\":\"active-branches-report.appspot.com\",\"projectId\":\"active-branches-report\"}"}}
[debug] [2020-09-13T21:16:26.913Z] [runtime-status] [564] Trigger "watchEnvironments" has been found, beginning invocation! {"metadata":{"emulator":{"name":"functions"},"function":{"name":"watchEnvironments"},"message":"[runtime-status] [564] Trigger \"watchEnvironments\" has been found, beginning invocation!"}}
[info] i  functions: Beginning execution of "watchEnvironments" {"metadata":{"emulator":{"name":"functions"},"function":{"name":"watchEnvironments"},"message":"Beginning execution of \"watchEnvironments\""}}
[debug] [2020-09-13T21:16:26.914Z] [runtime-status] [564] triggerDefinition {"eventTrigger":{"resource":"projects/active-branches-report/databases/(default)/documents/environments/{environmentId}","eventType":"providers/cloud.firestore/eventTypes/document.update","service":"firestore.googleapis.com"},"name":"watchEnvironments","entryPoint":"watchEnvironments"} {"metadata":{"emulator":{"name":"functions"},"function":{"name":"watchEnvironments"},"message":"[runtime-status] [564] triggerDefinition {\"eventTrigger\":{\"resource\":\"projects/active-branches-report/databases/(default)/documents/environments/{environmentId}\",\"eventType\":\"providers/cloud.firestore/eventTypes/document.update\",\"service\":\"firestore.googleapis.com\"},\"name\":\"watchEnvironments\",\"entryPoint\":\"watchEnvironments\"}"}}
[debug] [2020-09-13T21:16:26.914Z] [runtime-status] [564] Running watchEnvironments in mode BACKGROUND {"metadata":{"emulator":{"name":"functions"},"function":{"name":"watchEnvironments"},"message":"[runtime-status] [564] Running watchEnvironments in mode BACKGROUND"}}
[debug] [2020-09-13T21:16:26.915Z] [runtime-status] [564] ProcessBackground {"data":{"value":{"name":"projects/active-branches-report/databases/(default)/documents/environments/pvt-2","fields":{"content":{"stringValue":"after"}},"createTime":"2020-09-13T21:16:26.118Z","updateTime":"2020-09-13T21:16:26.156Z"},"oldValue":{"name":"projects/active-branches-report/databases/(default)/documents/environments/pvt-2","fields":{"content":{"stringValue":"before"}},"createTime":"2020-09-13T21:16:26.118Z","updateTime":"2020-09-13T21:16:26.118Z"},"updateMask":{}},"context":{"eventId":"14f66ac9-a8aa-4bdc-8387-6b71377386f2","timestamp":"2020-09-13T21:16:26.156Z","eventType":"providers/cloud.firestore/eventTypes/document.update","resource":{"name":"projects/active-branches-report/databases/(default)/documents/environments/pvt-2","service":"firestore.googleapis.com"}}} {"metadata":{"emulator":{"name":"functions"},"function":{"name":"watchEnvironments"},"message":"[runtime-status] [564] ProcessBackground {\"data\":{\"value\":{\"name\":\"projects/active-branches-report/databases/(default)/documents/environments/pvt-2\",\"fields\":{\"content\":{\"stringValue\":\"after\"}},\"createTime\":\"2020-09-13T21:16:26.118Z\",\"updateTime\":\"2020-09-13T21:16:26.156Z\"},\"oldValue\":{\"name\":\"projects/active-branches-report/databases/(default)/documents/environments/pvt-2\",\"fields\":{\"content\":{\"stringValue\":\"before\"}},\"createTime\":\"2020-09-13T21:16:26.118Z\",\"updateTime\":\"2020-09-13T21:16:26.118Z\"},\"updateMask\":{}},\"context\":{\"eventId\":\"14f66ac9-a8aa-4bdc-8387-6b71377386f2\",\"timestamp\":\"2020-09-13T21:16:26.156Z\",\"eventType\":\"providers/cloud.firestore/eventTypes/document.update\",\"resource\":{\"name\":\"projects/active-branches-report/databases/(default)/documents/environments/pvt-2\",\"service\":\"firestore.googleapis.com\"}}}"}}
[debug] [2020-09-13T21:16:26.915Z] [runtime-status] [564] ProcessBackground: lifting resource.name from resource {"name":"projects/active-branches-report/databases/(default)/documents/environments/pvt-2","service":"firestore.googleapis.com"} {"metadata":{"emulator":{"name":"functions"},"function":{"name":"watchEnvironments"},"message":"[runtime-status] [564] ProcessBackground: lifting resource.name from resource {\"name\":\"projects/active-branches-report/databases/(default)/documents/environments/pvt-2\",\"service\":\"firestore.googleapis.com\"}"}}
[debug] [2020-09-13T21:16:26.915Z] [runtime-status] [564] RunBackground {"data":{"value":{"name":"projects/active-branches-report/databases/(default)/documents/environments/pvt-2","fields":{"content":{"stringValue":"after"}},"createTime":"2020-09-13T21:16:26.118Z","updateTime":"2020-09-13T21:16:26.156Z"},"oldValue":{"name":"projects/active-branches-report/databases/(default)/documents/environments/pvt-2","fields":{"content":{"stringValue":"before"}},"createTime":"2020-09-13T21:16:26.118Z","updateTime":"2020-09-13T21:16:26.118Z"},"updateMask":{}},"context":{"eventId":"14f66ac9-a8aa-4bdc-8387-6b71377386f2","timestamp":"2020-09-13T21:16:26.156Z","eventType":"providers/cloud.firestore/eventTypes/document.update","resource":"projects/active-branches-report/databases/(default)/documents/environments/pvt-2"}} {"metadata":{"emulator":{"name":"functions"},"function":{"name":"watchEnvironments"},"message":"[runtime-status] [564] RunBackground {\"data\":{\"value\":{\"name\":\"projects/active-branches-report/databases/(default)/documents/environments/pvt-2\",\"fields\":{\"content\":{\"stringValue\":\"after\"}},\"createTime\":\"2020-09-13T21:16:26.118Z\",\"updateTime\":\"2020-09-13T21:16:26.156Z\"},\"oldValue\":{\"name\":\"projects/active-branches-report/databases/(default)/documents/environments/pvt-2\",\"fields\":{\"content\":{\"stringValue\":\"before\"}},\"createTime\":\"2020-09-13T21:16:26.118Z\",\"updateTime\":\"2020-09-13T21:16:26.118Z\"},\"updateMask\":{}},\"context\":{\"eventId\":\"14f66ac9-a8aa-4bdc-8387-6b71377386f2\",\"timestamp\":\"2020-09-13T21:16:26.156Z\",\"eventType\":\"providers/cloud.firestore/eventTypes/document.update\",\"resource\":\"projects/active-branches-report/databases/(default)/documents/environments/pvt-2\"}}"}}
[debug] [2020-09-13T21:16:27.416Z] [runtime-status] [564] Ephemeral server survived. {"metadata":{"emulator":{"name":"functions"},"function":{"name":"watchEnvironments"},"message":"[runtime-status] [564] Ephemeral server survived."}}
[warn] !  functions: TypeError: Cannot destructure property 'org' of 'change.before.data(...).latestDeployment' as it is undefined.
    at C:\Users\Mark\Documents\IdeaCrew\active-branch-tracker\functions\lib\index.js:59:18
    at cloudFunction (C:\Users\Mark\Documents\IdeaCrew\active-branch-tracker\functions\node_modules\firebase-functions\lib\cloud-functions.js:134:23)
    at C:\Users\Mark\Documents\IdeaCrew\active-branch-tracker\node_modules\firebase-tools\lib\emulator\functionsEmulatorRuntime.js:583:20
    at C:\Users\Mark\Documents\IdeaCrew\active-branch-tracker\node_modules\firebase-tools\lib\emulator\functionsEmulatorRuntime.js:568:19
    at Generator.next (<anonymous>)
    at C:\Users\Mark\Documents\IdeaCrew\active-branch-tracker\node_modules\firebase-tools\lib\emulator\functionsEmulatorRuntime.js:8:71
    at new Promise (<anonymous>)
    at __awaiter (C:\Users\Mark\Documents\IdeaCrew\active-branch-tracker\node_modules\firebase-tools\lib\emulator\functionsEmulatorRuntime.js:4:12)
    at runFunction (C:\Users\Mark\Documents\IdeaCrew\active-branch-tracker\node_modules\firebase-tools\lib\emulator\functionsEmulatorRuntime.js:565:12)
    at C:\Users\Mark\Documents\IdeaCrew\active-branch-tracker\node_modules\firebase-tools\lib\emulator\functionsEmulatorRuntime.js:582:15 {"metadata":{"emulator":{"name":"functions"},"function":{"name":"watchEnvironments"},"message":"TypeError: Cannot destructure property 'org' of 'change.before.data(...).latestDeployment' as it is undefined.\n    at C:\\Users\\Mark\\Documents\\IdeaCrew\\active-branch-tracker\\functions\\lib\\index.js:59:18\n    at cloudFunction (C:\\Users\\Mark\\Documents\\IdeaCrew\\active-branch-tracker\\functions\\node_modules\\firebase-functions\\lib\\cloud-functions.js:134:23)\n    at C:\\Users\\Mark\\Documents\\IdeaCrew\\active-branch-tracker\\node_modules\\firebase-tools\\lib\\emulator\\functionsEmulatorRuntime.js:583:20\n    at C:\\Users\\Mark\\Documents\\IdeaCrew\\active-branch-tracker\\node_modules\\firebase-tools\\lib\\emulator\\functionsEmulatorRuntime.js:568:19\n    at Generator.next (<anonymous>)\n    at C:\\Users\\Mark\\Documents\\IdeaCrew\\active-branch-tracker\\node_modules\\firebase-tools\\lib\\emulator\\functionsEmulatorRuntime.js:8:71\n    at new Promise (<anonymous>)\n    at __awaiter (C:\\Users\\Mark\\Documents\\IdeaCrew\\active-branch-tracker\\node_modules\\firebase-tools\\lib\\emulator\\functionsEmulatorRuntime.js:4:12)\n    at runFunction (C:\\Users\\Mark\\Documents\\IdeaCrew\\active-branch-tracker\\node_modules\\firebase-tools\\lib\\emulator\\functionsEmulatorRuntime.js:565:12)\n    at C:\\Users\\Mark\\Documents\\IdeaCrew\\active-branch-tracker\\node_modules\\firebase-tools\\lib\\emulator\\functionsEmulatorRuntime.js:582:15"}}
[warn] !  Your function was killed because it raised an unhandled error. {"metadata":{"emulator":{"name":"functions"},"function":{"name":"watchEnvironments"},"message":"Your function was killed because it raised an unhandled error."}}
[debug] [2020-09-13T21:16:27.437Z] Sep 13, 2020 5:16:27 PM com.google.cloud.datastore.emulator.impl.events.FunctionsEmulatorEventPublisher sendHttpRequest
WARNING: Unsuccessful HTTP response when publishing event for projects/active-branches-report/triggers/watchEnvironments: 500 Internal Server Error
TypeError: Cannot destructure property 'org' of 'change.before.data(...).latestDeployment' as it is undefined.
    at C:\Users\Mark\Documents\IdeaCrew\active-branch-tracker\functions\lib\index.js:59:18
    at cloudFunction (C:\Users\Mark\Documents\IdeaCrew\active-branch-tracker\functions\node_modules\firebase-functions\lib\cloud-functions.js:134:23)
    at C:\Users\Mark\Documents\IdeaCrew\active-branch-tracker\node_modules\firebase-tools\lib\emulator\functionsEmulatorRuntime.js:583:20
    at C:\Users\Mark\Documents\IdeaCrew\active-branch-tracker\node_modules\firebase-tools\lib\emulator\functionsEmulatorRuntime.js:568:19
    at Generator.next (<anonymous>)
    at C:\Users\Mark\Documents\IdeaCrew\active-branch-tracker\node_modules\firebase-tools\lib\emulator\functionsEmulatorRuntime.js:8:71
    at new Promise (<anonymous>)
    at __awaiter (C:\Users\Mark\Documents\IdeaCrew\active-branch-tracker\node_modules\firebase-tools\lib\emulator\functionsEmulatorRuntime.js:4:12)
    at runFunction (C:\Users\Mark\Documents\IdeaCrew\active-branch-tracker\node_modules\firebase-tools\lib\emulator\functionsEmulatorRuntime.js:565:12)
    at C:\Users\Mark\Documents\IdeaCrew\active-branch-tracker\node_modules\firebase-tools\lib\emulator\functionsEmulatorRuntime.js:582:15
 {"metadata":{"emulator":{"name":"firestore"},"message":"Sep 13, 2020 5:16:27 PM com.google.cloud.datastore.emulator.impl.events.FunctionsEmulatorEventPublisher sendHttpRequest\r\nWARNING: Unsuccessful HTTP response when publishing event for projects/active-branches-report/triggers/watchEnvironments: 500 Internal Server Error\r\nTypeError: Cannot destructure property 'org' of 'change.before.data(...).latestDeployment' as it is undefined.\n    at C:\\Users\\Mark\\Documents\\IdeaCrew\\active-branch-tracker\\functions\\lib\\index.js:59:18\n    at cloudFunction (C:\\Users\\Mark\\Documents\\IdeaCrew\\active-branch-tracker\\functions\\node_modules\\firebase-functions\\lib\\cloud-functions.js:134:23)\n    at C:\\Users\\Mark\\Documents\\IdeaCrew\\active-branch-tracker\\node_modules\\firebase-tools\\lib\\emulator\\functionsEmulatorRuntime.js:583:20\n    at C:\\Users\\Mark\\Documents\\IdeaCrew\\active-branch-tracker\\node_modules\\firebase-tools\\lib\\emulator\\functionsEmulatorRuntime.js:568:19\n    at Generator.next (<anonymous>)\n    at C:\\Users\\Mark\\Documents\\IdeaCrew\\active-branch-tracker\\node_modules\\firebase-tools\\lib\\emulator\\functionsEmulatorRuntime.js:8:71\n    at new Promise (<anonymous>)\n    at __awaiter (C:\\Users\\Mark\\Documents\\IdeaCrew\\active-branch-tracker\\node_modules\\firebase-tools\\lib\\emulator\\functionsEmulatorRuntime.js:4:12)\n    at runFunction (C:\\Users\\Mark\\Documents\\IdeaCrew\\active-branch-tracker\\node_modules\\firebase-tools\\lib\\emulator\\functionsEmulatorRuntime.js:565:12)\n    at C:\\Users\\Mark\\Documents\\IdeaCrew\\active-branch-tracker\\node_modules\\firebase-tools\\lib\\emulator\\functionsEmulatorRuntime.js:582:15\r\n"}}
[debug] [2020-09-13T21:16:27.445Z] [worker-watchEnvironments-fdf9c3a7-3a48-4cda-b7e2-1c705d05eb3e]: exited {"metadata":{"emulator":{"name":"functions"},"message":"[worker-watchEnvironments-fdf9c3a7-3a48-4cda-b7e2-1c705d05eb3e]: exited"}}
[debug] [2020-09-13T21:16:27.445Z] [worker-watchEnvironments-fdf9c3a7-3a48-4cda-b7e2-1c705d05eb3e]: FINISHED {"metadata":{"emulator":{"name":"functions"},"message":"[worker-watchEnvironments-fdf9c3a7-3a48-4cda-b7e2-1c705d05eb3e]: FINISHED"}}
[debug] [2020-09-13T21:16:27.447Z] Error [ERR_HTTP_HEADERS_SENT]: Cannot set headers after they are sent to the client {"metadata":{"emulator":{"name":"functions"},"message":{"code":"ERR_HTTP_HEADERS_SENT"}}}
[debug] [2020-09-13T21:16:27.447Z] [work-queue] {"queueLength":0,"workRunningCount":0}
[debug] [2020-09-13T21:16:36.831Z] Sep 13, 2020 5:16:36 PM io.gapi.emulators.netty.HttpVersionRoutingHandler channelRead
INFO: Detected non-HTTP/2 connection.
 {"metadata":{"emulator":{"name":"firestore"},"message":"Sep 13, 2020 5:16:36 PM io.gapi.emulators.netty.HttpVersionRoutingHandler channelRead\r\nINFO: Detected non-HTTP/2 connection.\r\n"}}
[debug] [2020-09-13T21:16:37.236Z] Sep 13, 2020 5:16:37 PM io.gapi.emulators.netty.NotFoundHandler handleRequest
INFO: Unknown request URI: /favicon.ico
 {"metadata":{"emulator":{"name":"firestore"},"message":"Sep 13, 2020 5:16:37 PM io.gapi.emulators.netty.NotFoundHandler handleRequest\r\nINFO: Unknown request URI: /favicon.ico\r\n"}}
